<?xml version="1.0" encoding="UTF-8"?>
<!-- Generated by org.testng.reporters.JUnitXMLReporter -->
<testsuite ignored="0" hostname="XTEN-AV_1" failures="1" tests="1" name="Test" time="0.035" errors="0" timestamp="2024-01-02T12:17:39 IST">
  <testcase classname="test.TestCases" name="FailedTest" time="0.008">
    <failure type="java.lang.AssertionError" message="expected [true] but found [false]">
      <![CDATA[java.lang.AssertionError: expected [true] but found [false]
at test.TestCases.FailedTest(TestCases.java:15)
at java.base/java.util.ArrayList.forEach(ArrayList.java:1511)
... Removed 31 stack frames]]>
    </failure>
  </testcase> <!-- FailedTest -->
</testsuite> <!-- Test -->
