<?xml version="1.0" encoding="UTF-8"?>
<testng-results ignored="0" total="1" passed="1" failed="0" skipped="0">
  <reporter-output>
  </reporter-output>
  <suite started-at="2024-01-02T18:11:41 IST" name="Default suite" finished-at="2024-01-02T18:11:41 IST" duration-ms="52">
    <groups>
    </groups>
    <test started-at="2024-01-02T18:11:41 IST" name="Default test" finished-at="2024-01-02T18:11:41 IST" duration-ms="52">
      <class name="test.PS1">
        <test-method is-config="true" signature="beforeMethod()[pri:0, instance:test.PS1@2bfc268b]" started-at="2024-01-02T18:11:41 IST" name="beforeMethod" finished-at="2024-01-02T18:11:41 IST" duration-ms="5" status="PASS">
          <reporter-output>
          </reporter-output>
        </test-method> <!-- beforeMethod -->
        <test-method signature="testRun()[pri:0, instance:test.PS1@2bfc268b]" started-at="2024-01-02T18:11:41 IST" name="testRun" finished-at="2024-01-02T18:11:41 IST" duration-ms="10" status="PASS">
          <reporter-output>
          </reporter-output>
        </test-method> <!-- testRun -->
        <test-method is-config="true" signature="afterMethod()[pri:0, instance:test.PS1@2bfc268b]" started-at="2024-01-02T18:11:41 IST" name="afterMethod" finished-at="2024-01-02T18:11:41 IST" duration-ms="1" status="PASS">
          <reporter-output>
          </reporter-output>
        </test-method> <!-- afterMethod -->
      </class> <!-- test.PS1 -->
    </test> <!-- Default test -->
  </suite> <!-- Default suite -->
</testng-results>
